<?xml version="1.0" encoding="UTF-8"?>
<testsuite xmlns:xsi="http://www.w3.org/2001/XMLSchema-instance" xsi:noNamespaceSchemaLocation="https://maven.apache.org/surefire/maven-surefire-plugin/xsd/surefire-test-report.xsd" name="it.polimi.ingsw.DevelopmentBuyTest" time="0.022" tests="13" errors="0" skipped="0" failures="0">
  <properties>
    <property name="java.specification.version" value="17"/>
    <property name="sun.jnu.encoding" value="UTF-8"/>
    <property name="java.class.path" value="/Users/francescoscandale/Desktop/github.nosync/MastersOfRenaissance/target/test-classes:/Users/francescoscandale/Desktop/github.nosync/MastersOfRenaissance/target/classes:/Users/francescoscandale/.m2/repository/org/junit/jupiter/junit-jupiter/5.7.0/junit-jupiter-5.7.0.jar:/Users/francescoscandale/.m2/repository/org/junit/jupiter/junit-jupiter-api/5.7.0/junit-jupiter-api-5.7.0.jar:/Users/francescoscandale/.m2/repository/org/opentest4j/opentest4j/1.2.0/opentest4j-1.2.0.jar:/Users/francescoscandale/.m2/repository/org/junit/platform/junit-platform-commons/1.7.0/junit-platform-commons-1.7.0.jar:/Users/francescoscandale/.m2/repository/org/junit/jupiter/junit-jupiter-engine/5.7.0/junit-jupiter-engine-5.7.0.jar:/Users/francescoscandale/.m2/repository/org/junit/platform/junit-platform-engine/1.7.0/junit-platform-engine-1.7.0.jar:/Users/francescoscandale/.m2/repository/org/junit/jupiter/junit-jupiter-params/5.7.0/junit-jupiter-params-5.7.0.jar:/Users/francescoscandale/.m2/repository/org/apiguardian/apiguardian-api/1.1.0/apiguardian-api-1.1.0.jar:/Users/francescoscandale/.m2/repository/org/openjfx/javafx-controls/11.0.2/javafx-controls-11.0.2.jar:/Users/francescoscandale/.m2/repository/org/openjfx/javafx-controls/11.0.2/javafx-controls-11.0.2-mac.jar:/Users/francescoscandale/.m2/repository/org/openjfx/javafx-graphics/11.0.2/javafx-graphics-11.0.2.jar:/Users/francescoscandale/.m2/repository/org/openjfx/javafx-graphics/11.0.2/javafx-graphics-11.0.2-mac.jar:/Users/francescoscandale/.m2/repository/org/openjfx/javafx-base/11.0.2/javafx-base-11.0.2.jar:/Users/francescoscandale/.m2/repository/org/openjfx/javafx-base/11.0.2/javafx-base-11.0.2-mac.jar:/Users/francescoscandale/.m2/repository/org/openjfx/javafx-fxml/11.0.2/javafx-fxml-11.0.2.jar:/Users/francescoscandale/.m2/repository/org/openjfx/javafx-fxml/11.0.2/javafx-fxml-11.0.2-mac.jar:"/>
    <property name="java.vm.vendor" value="Oracle Corporation"/>
    <property name="sun.arch.data.model" value="64"/>
    <property name="java.vendor.url" value="https://java.oracle.com/"/>
    <property name="os.name" value="Mac OS X"/>
    <property name="java.vm.specification.version" value="17"/>
    <property name="sun.java.launcher" value="SUN_STANDARD"/>
    <property name="user.country" value="IT"/>
    <property name="sun.boot.library.path" value="/Library/Java/JavaVirtualMachines/jdk-17.jdk/Contents/Home/lib"/>
    <property name="sun.java.command" value="/Users/francescoscandale/Desktop/github.nosync/MastersOfRenaissance/target/surefire/surefirebooter5095640472813412973.jar /Users/francescoscandale/Desktop/github.nosync/MastersOfRenaissance/target/surefire 2024-02-08T21-43-50_134-jvmRun1 surefire2902817536628812896tmp surefire_04915893186708421509tmp"/>
    <property name="jdk.debug" value="release"/>
    <property name="surefire.test.class.path" value="/Users/francescoscandale/Desktop/github.nosync/MastersOfRenaissance/target/test-classes:/Users/francescoscandale/Desktop/github.nosync/MastersOfRenaissance/target/classes:/Users/francescoscandale/.m2/repository/org/junit/jupiter/junit-jupiter/5.7.0/junit-jupiter-5.7.0.jar:/Users/francescoscandale/.m2/repository/org/junit/jupiter/junit-jupiter-api/5.7.0/junit-jupiter-api-5.7.0.jar:/Users/francescoscandale/.m2/repository/org/opentest4j/opentest4j/1.2.0/opentest4j-1.2.0.jar:/Users/francescoscandale/.m2/repository/org/junit/platform/junit-platform-commons/1.7.0/junit-platform-commons-1.7.0.jar:/Users/francescoscandale/.m2/repository/org/junit/jupiter/junit-jupiter-engine/5.7.0/junit-jupiter-engine-5.7.0.jar:/Users/francescoscandale/.m2/repository/org/junit/platform/junit-platform-engine/1.7.0/junit-platform-engine-1.7.0.jar:/Users/francescoscandale/.m2/repository/org/junit/jupiter/junit-jupiter-params/5.7.0/junit-jupiter-params-5.7.0.jar:/Users/francescoscandale/.m2/repository/org/apiguardian/apiguardian-api/1.1.0/apiguardian-api-1.1.0.jar:/Users/francescoscandale/.m2/repository/org/openjfx/javafx-controls/11.0.2/javafx-controls-11.0.2.jar:/Users/francescoscandale/.m2/repository/org/openjfx/javafx-controls/11.0.2/javafx-controls-11.0.2-mac.jar:/Users/francescoscandale/.m2/repository/org/openjfx/javafx-graphics/11.0.2/javafx-graphics-11.0.2.jar:/Users/francescoscandale/.m2/repository/org/openjfx/javafx-graphics/11.0.2/javafx-graphics-11.0.2-mac.jar:/Users/francescoscandale/.m2/repository/org/openjfx/javafx-base/11.0.2/javafx-base-11.0.2.jar:/Users/francescoscandale/.m2/repository/org/openjfx/javafx-base/11.0.2/javafx-base-11.0.2-mac.jar:/Users/francescoscandale/.m2/repository/org/openjfx/javafx-fxml/11.0.2/javafx-fxml-11.0.2.jar:/Users/francescoscandale/.m2/repository/org/openjfx/javafx-fxml/11.0.2/javafx-fxml-11.0.2-mac.jar:"/>
    <property name="sun.cpu.endian" value="little"/>
    <property name="user.home" value="/Users/francescoscandale"/>
    <property name="user.language" value="it"/>
    <property name="java.specification.vendor" value="Oracle Corporation"/>
    <property name="java.version.date" value="2023-04-18"/>
    <property name="java.home" value="/Library/Java/JavaVirtualMachines/jdk-17.jdk/Contents/Home"/>
    <property name="file.separator" value="/"/>
    <property name="basedir" value="/Users/francescoscandale/Desktop/github.nosync/MastersOfRenaissance"/>
    <property name="java.vm.compressedOopsMode" value="Zero based"/>
    <property name="line.separator" value="&#10;"/>
    <property name="java.vm.specification.vendor" value="Oracle Corporation"/>
    <property name="java.specification.name" value="Java Platform API Specification"/>
    <property name="surefire.real.class.path" value="/Users/francescoscandale/Desktop/github.nosync/MastersOfRenaissance/target/surefire/surefirebooter5095640472813412973.jar"/>
    <property name="sun.management.compiler" value="HotSpot 64-Bit Tiered Compilers"/>
    <property name="java.runtime.version" value="17.0.7+8-LTS-224"/>
    <property name="user.name" value="francescoscandale"/>
    <property name="path.separator" value=":"/>
    <property name="os.version" value="14.3"/>
    <property name="java.runtime.name" value="Java(TM) SE Runtime Environment"/>
    <property name="file.encoding" value="UTF-8"/>
    <property name="java.vm.name" value="Java HotSpot(TM) 64-Bit Server VM"/>
    <property name="localRepository" value="/Users/francescoscandale/.m2/repository"/>
    <property name="java.vendor.url.bug" value="https://bugreport.java.com/bugreport/"/>
    <property name="java.io.tmpdir" value="/var/folders/cr/d5xv7q3j6rj7lb63p_l3vs7h0000gn/T/"/>
    <property name="java.version" value="17.0.7"/>
    <property name="user.dir" value="/Users/francescoscandale/Desktop/github.nosync/MastersOfRenaissance"/>
    <property name="os.arch" value="aarch64"/>
    <property name="java.vm.specification.name" value="Java Virtual Machine Specification"/>
    <property name="native.encoding" value="UTF-8"/>
    <property name="java.library.path" value="/Users/francescoscandale/Library/Java/Extensions:/Library/Java/Extensions:/Network/Library/Java/Extensions:/System/Library/Java/Extensions:/usr/lib/java:."/>
    <property name="java.vm.info" value="mixed mode, sharing"/>
    <property name="java.vendor" value="Oracle Corporation"/>
    <property name="java.vm.version" value="17.0.7+8-LTS-224"/>
    <property name="sun.io.unicode.encoding" value="UnicodeBig"/>
    <property name="java.class.version" value="61.0"/>
  </properties>
  <testcase name="testCannotBuyDCCardResources" classname="it.polimi.ingsw.DevelopmentBuyTest" time="0.002"/>
  <testcase name="testCannotBuyDCCardSlot{Colours, int, int, ArrayList}[1]" classname="it.polimi.ingsw.DevelopmentBuyTest" time="0.002"/>
  <testcase name="testCannotBuyDCCardSlot{Colours, int, int, ArrayList}[2]" classname="it.polimi.ingsw.DevelopmentBuyTest" time="0.002"/>
  <testcase name="testCannotBuyDCCardSlot{Colours, int, int, ArrayList}[3]" classname="it.polimi.ingsw.DevelopmentBuyTest" time="0.001"/>
  <testcase name="testCannotBuyDCCardSlot{Colours, int, int, ArrayList}[4]" classname="it.polimi.ingsw.DevelopmentBuyTest" time="0.001"/>
  <testcase name="testCanBuyDCardFromSB" classname="it.polimi.ingsw.DevelopmentBuyTest" time="0.002"/>
  <testcase name="testCannotBuyDCEmpty" classname="it.polimi.ingsw.DevelopmentBuyTest" time="0.001"/>
  <testcase name="testCanBuyFromExtraSlot" classname="it.polimi.ingsw.DevelopmentBuyTest" time="0.002"/>
  <testcase name="testCanBuyDCCardFromSBAndWH" classname="it.polimi.ingsw.DevelopmentBuyTest" time="0.001"/>
  <testcase name="testCanBuyFromExtraSlotWithDiscount" classname="it.polimi.ingsw.DevelopmentBuyTest" time="0.002"/>
  <testcase name="testCanBuyDCard" classname="it.polimi.ingsw.DevelopmentBuyTest" time="0.001"/>
  <testcase name="testCannotBuyDCCardWithDiscount" classname="it.polimi.ingsw.DevelopmentBuyTest" time="0.002"/>
  <testcase name="testCanBuyDCCardWithDiscount" classname="it.polimi.ingsw.DevelopmentBuyTest" time="0.001"/>
</testsuite>